<?xml version="1.0" encoding="UTF-8"?>
<testsuite name="com.oreilly.persistence.dao.OfficerRepositoryTest" tests="8" skipped="0" failures="0" errors="0" timestamp="2023-04-16T05:18:37" hostname="Hsiehde-MacBook-Pro.local" time="1.0">
  <properties/>
  <testcase name="findOneThatDoesNotExist()" classname="com.oreilly.persistence.dao.OfficerRepositoryTest" time="0.299"/>
  <testcase name="delete()" classname="com.oreilly.persistence.dao.OfficerRepositoryTest" time="0.436"/>
  <testcase name="testSave()" classname="com.oreilly.persistence.dao.OfficerRepositoryTest" time="0.019"/>
  <testcase name="findAll()" classname="com.oreilly.persistence.dao.OfficerRepositoryTest" time="0.131"/>
  <testcase name="doesNotExist()" classname="com.oreilly.persistence.dao.OfficerRepositoryTest" time="0.056"/>
  <testcase name="count()" classname="com.oreilly.persistence.dao.OfficerRepositoryTest" time="0.007"/>
  <testcase name="existsById()" classname="com.oreilly.persistence.dao.OfficerRepositoryTest" time="0.016"/>
  <testcase name="findOneThatExists()" classname="com.oreilly.persistence.dao.OfficerRepositoryTest" time="0.023"/>
  <system-out><![CDATA[13:18:33.092 [Test worker] DEBUG org.springframework.boot.test.context.SpringBootTestContextBootstrapper -- Neither @ContextConfiguration nor @ContextHierarchy found for test class [OfficerRepositoryTest]: using SpringBootContextLoader
13:18:33.098 [Test worker] DEBUG org.springframework.test.context.support.AbstractContextLoader -- Could not detect default resource locations for test class [com.oreilly.persistence.dao.OfficerRepositoryTest]: no resource found for suffixes {-context.xml, Context.groovy}.
13:18:33.100 [Test worker] INFO org.springframework.test.context.support.AnnotationConfigContextLoaderUtils -- Could not detect default configuration classes for test class [com.oreilly.persistence.dao.OfficerRepositoryTest]: OfficerRepositoryTest does not declare any static, non-private, non-final, nested classes annotated with @Configuration.
13:18:33.136 [Test worker] DEBUG org.springframework.boot.test.context.SpringBootTestContextBootstrapper -- Using ContextCustomizers for test class [OfficerRepositoryTest]: [DisableObservabilityContextCustomizer, PropertyMappingContextCustomizer, Customizer, ExcludeFilterContextCustomizer, DuplicateJsonObjectContextCustomizer, MockitoContextCustomizer, TestRestTemplateContextCustomizer]
13:18:33.249 [Test worker] DEBUG org.springframework.context.annotation.ClassPathScanningCandidateComponentProvider -- Identified candidate component class: file [/Users/hsiehtsaihsuan/Desktop/persistence/build/classes/java/main/com/oreilly/persistence/PersistenceApplication.class]
13:18:33.251 [Test worker] INFO org.springframework.boot.test.context.SpringBootTestContextBootstrapper -- Found @SpringBootConfiguration com.oreilly.persistence.PersistenceApplication for test class com.oreilly.persistence.dao.OfficerRepositoryTest
13:18:33.388 [Test worker] DEBUG org.springframework.boot.test.context.SpringBootTestContextBootstrapper -- Using TestExecutionListeners for test class [OfficerRepositoryTest]: [ServletTestExecutionListener, DirtiesContextBeforeModesTestExecutionListener, ApplicationEventsTestExecutionListener, MockitoTestExecutionListener, DependencyInjectionTestExecutionListener, DirtiesContextTestExecutionListener, TransactionalTestExecutionListener, SqlScriptsTestExecutionListener, EventPublishingTestExecutionListener, RestDocsTestExecutionListener, MockRestServiceServerResetTestExecutionListener, MockMvcPrintOnlyOnFailureTestExecutionListener, WebDriverTestExecutionListener, MockWebServiceServerTestExecutionListener, ResetMocksTestExecutionListener]
13:18:33.389 [Test worker] DEBUG org.springframework.test.context.support.AbstractDirtiesContextTestExecutionListener -- Before test class: class [OfficerRepositoryTest], class annotated with @DirtiesContext [false] with mode [null]

  .   ____          _            __ _ _
 /\\ / ___'_ __ _ _(_)_ __  __ _ \ \ \ \
( ( )\___ | '_ | '_| | '_ \/ _` | \ \ \ \
 \\/  ___)| |_)| | | | | || (_| |  ) ) ) )
  '  |____| .__|_| |_|_| |_\__, | / / / /
 =========|_|==============|___/=/_/_/_/
 :: Spring Boot ::                (v3.0.5)

2023-04-16T13:18:33.812+08:00  INFO 24148 --- [    Test worker] c.o.p.dao.OfficerRepositoryTest          : Starting OfficerRepositoryTest using Java 17.0.6 with PID 24148 (started by hsiehtsaihsuan in /Users/hsiehtsaihsuan/Desktop/persistence)
2023-04-16T13:18:33.815+08:00  INFO 24148 --- [    Test worker] c.o.p.dao.OfficerRepositoryTest          : No active profile set, falling back to 1 default profile: "default"
2023-04-16T13:18:34.564+08:00  INFO 24148 --- [    Test worker] .s.d.r.c.RepositoryConfigurationDelegate : Bootstrapping Spring Data JPA repositories in DEFAULT mode.
2023-04-16T13:18:34.621+08:00  INFO 24148 --- [    Test worker] .s.d.r.c.RepositoryConfigurationDelegate : Finished Spring Data repository scanning in 48 ms. Found 1 JPA repository interfaces.
2023-04-16T13:18:34.984+08:00  INFO 24148 --- [    Test worker] com.zaxxer.hikari.HikariDataSource       : HikariPool-1 - Starting...
2023-04-16T13:18:35.231+08:00  INFO 24148 --- [    Test worker] com.zaxxer.hikari.pool.HikariPool        : HikariPool-1 - Added connection conn0: url=jdbc:h2:mem:1074efaa-999c-420c-9d9f-17142ec02b95 user=SA
2023-04-16T13:18:35.234+08:00  INFO 24148 --- [    Test worker] com.zaxxer.hikari.HikariDataSource       : HikariPool-1 - Start completed.
2023-04-16T13:18:35.371+08:00  INFO 24148 --- [    Test worker] o.hibernate.jpa.internal.util.LogHelper  : HHH000204: Processing PersistenceUnitInfo [name: default]
2023-04-16T13:18:35.477+08:00  INFO 24148 --- [    Test worker] org.hibernate.Version                    : HHH000412: Hibernate ORM core version 6.1.7.Final
2023-04-16T13:18:35.897+08:00  INFO 24148 --- [    Test worker] SQL dialect                              : HHH000400: Using dialect: org.hibernate.dialect.H2Dialect
2023-04-16T13:18:36.855+08:00  INFO 24148 --- [    Test worker] o.h.e.t.j.p.i.JtaPlatformInitiator       : HHH000490: Using JtaPlatform implementation: [org.hibernate.engine.transaction.jta.platform.internal.NoJtaPlatform]
2023-04-16T13:18:36.865+08:00  INFO 24148 --- [    Test worker] j.LocalContainerEntityManagerFactoryBean : Initialized JPA EntityManagerFactory for persistence unit 'default'
2023-04-16T13:18:37.090+08:00  WARN 24148 --- [    Test worker] JpaBaseConfiguration$JpaWebConfiguration : spring.jpa.open-in-view is enabled by default. Therefore, database queries may be performed during view rendering. Explicitly configure spring.jpa.open-in-view to disable this warning
2023-04-16T13:18:37.793+08:00  INFO 24148 --- [    Test worker] c.o.p.dao.OfficerRepositoryTest          : Started OfficerRepositoryTest in 4.345 seconds (process running for 5.954)
2023-04-16T13:18:38.089+08:00 DEBUG 24148 --- [    Test worker] org.hibernate.SQL                        : 
    select
        o1_0.id,
        o1_0.first_name,
        o1_0.last_name,
        o1_0.rank 
    from
        officers o1_0 
    where
        o1_0.id=?
Hibernate: 
    select
        o1_0.id,
        o1_0.first_name,
        o1_0.last_name,
        o1_0.rank 
    from
        officers o1_0 
    where
        o1_0.id=?
2023-04-16T13:18:38.123+08:00 DEBUG 24148 --- [    Test worker] o.s.jdbc.core.JdbcTemplate               : Executing SQL query [select id from officers]
2023-04-16T13:18:38.128+08:00 DEBUG 24148 --- [    Test worker] org.hibernate.SQL                        : 
    select
        o1_0.id,
        o1_0.first_name,
        o1_0.last_name,
        o1_0.rank 
    from
        officers o1_0 
    where
        o1_0.id=?
Hibernate: 
    select
        o1_0.id,
        o1_0.first_name,
        o1_0.last_name,
        o1_0.rank 
    from
        officers o1_0 
    where
        o1_0.id=?
2023-04-16T13:18:38.155+08:00 DEBUG 24148 --- [    Test worker] org.hibernate.SQL                        : 
    select
        o1_0.id,
        o1_0.first_name,
        o1_0.last_name,
        o1_0.rank 
    from
        officers o1_0 
    where
        o1_0.id=?
Hibernate: 
    select
        o1_0.id,
        o1_0.first_name,
        o1_0.last_name,
        o1_0.rank 
    from
        officers o1_0 
    where
        o1_0.id=?
2023-04-16T13:18:38.159+08:00 DEBUG 24148 --- [    Test worker] org.hibernate.SQL                        : 
    select
        o1_0.id,
        o1_0.first_name,
        o1_0.last_name,
        o1_0.rank 
    from
        officers o1_0 
    where
        o1_0.id=?
Hibernate: 
    select
        o1_0.id,
        o1_0.first_name,
        o1_0.last_name,
        o1_0.rank 
    from
        officers o1_0 
    where
        o1_0.id=?
2023-04-16T13:18:38.162+08:00 DEBUG 24148 --- [    Test worker] org.hibernate.SQL                        : 
    select
        o1_0.id,
        o1_0.first_name,
        o1_0.last_name,
        o1_0.rank 
    from
        officers o1_0 
    where
        o1_0.id=?
Hibernate: 
    select
        o1_0.id,
        o1_0.first_name,
        o1_0.last_name,
        o1_0.rank 
    from
        officers o1_0 
    where
        o1_0.id=?
2023-04-16T13:18:38.169+08:00 DEBUG 24148 --- [    Test worker] org.hibernate.SQL                        : 
    select
        o1_0.id,
        o1_0.first_name,
        o1_0.last_name,
        o1_0.rank 
    from
        officers o1_0 
    where
        o1_0.id=?
Hibernate: 
    select
        o1_0.id,
        o1_0.first_name,
        o1_0.last_name,
        o1_0.rank 
    from
        officers o1_0 
    where
        o1_0.id=?
2023-04-16T13:18:38.531+08:00 DEBUG 24148 --- [    Test worker] org.hibernate.SQL                        : 
    delete 
    from
        officers 
    where
        id=?
Hibernate: 
    delete 
    from
        officers 
    where
        id=?
2023-04-16T13:18:38.536+08:00 DEBUG 24148 --- [    Test worker] org.hibernate.SQL                        : 
    delete 
    from
        officers 
    where
        id=?
Hibernate: 
    delete 
    from
        officers 
    where
        id=?
2023-04-16T13:18:38.538+08:00 DEBUG 24148 --- [    Test worker] org.hibernate.SQL                        : 
    delete 
    from
        officers 
    where
        id=?
Hibernate: 
    delete 
    from
        officers 
    where
        id=?
2023-04-16T13:18:38.540+08:00 DEBUG 24148 --- [    Test worker] org.hibernate.SQL                        : 
    delete 
    from
        officers 
    where
        id=?
Hibernate: 
    delete 
    from
        officers 
    where
        id=?
2023-04-16T13:18:38.542+08:00 DEBUG 24148 --- [    Test worker] org.hibernate.SQL                        : 
    delete 
    from
        officers 
    where
        id=?
Hibernate: 
    delete 
    from
        officers 
    where
        id=?
2023-04-16T13:18:38.548+08:00 DEBUG 24148 --- [    Test worker] org.hibernate.SQL                        : 
    select
        count(*) 
    from
        officers o1_0
Hibernate: 
    select
        count(*) 
    from
        officers o1_0
2023-04-16T13:18:38.566+08:00 DEBUG 24148 --- [    Test worker] org.hibernate.SQL                        : 
    insert 
    into
        officers
        (id, first_name, last_name, rank) 
    values
        (default, ?, ?, ?)
Hibernate: 
    insert 
    into
        officers
        (id, first_name, last_name, rank) 
    values
        (default, ?, ?, ?)
2023-04-16T13:18:38.590+08:00 DEBUG 24148 --- [    Test worker] org.hibernate.SQL                        : 
    select
        o1_0.id,
        o1_0.first_name,
        o1_0.last_name,
        o1_0.rank 
    from
        officers o1_0
Hibernate: 
    select
        o1_0.id,
        o1_0.first_name,
        o1_0.last_name,
        o1_0.rank 
    from
        officers o1_0
2023-04-16T13:18:38.713+08:00 DEBUG 24148 --- [    Test worker] o.s.jdbc.core.JdbcTemplate               : Executing SQL query [select id from officers]
2023-04-16T13:18:38.760+08:00 DEBUG 24148 --- [    Test worker] org.hibernate.SQL                        : 
    select
        count(*) 
    from
        officers o1_0 
    where
        o1_0.id=?
Hibernate: 
    select
        count(*) 
    from
        officers o1_0 
    where
        o1_0.id=?
2023-04-16T13:18:38.773+08:00 DEBUG 24148 --- [    Test worker] org.hibernate.SQL                        : 
    select
        count(*) 
    from
        officers o1_0
Hibernate: 
    select
        count(*) 
    from
        officers o1_0
2023-04-16T13:18:38.780+08:00 DEBUG 24148 --- [    Test worker] o.s.jdbc.core.JdbcTemplate               : Executing SQL query [select id from officers]
2023-04-16T13:18:38.781+08:00 DEBUG 24148 --- [    Test worker] org.hibernate.SQL                        : 
    select
        count(*) 
    from
        officers o1_0 
    where
        o1_0.id=?
Hibernate: 
    select
        count(*) 
    from
        officers o1_0 
    where
        o1_0.id=?
2023-04-16T13:18:38.783+08:00 DEBUG 24148 --- [    Test worker] org.hibernate.SQL                        : 
    select
        count(*) 
    from
        officers o1_0 
    where
        o1_0.id=?
Hibernate: 
    select
        count(*) 
    from
        officers o1_0 
    where
        o1_0.id=?
2023-04-16T13:18:38.785+08:00 DEBUG 24148 --- [    Test worker] org.hibernate.SQL                        : 
    select
        count(*) 
    from
        officers o1_0 
    where
        o1_0.id=?
Hibernate: 
    select
        count(*) 
    from
        officers o1_0 
    where
        o1_0.id=?
2023-04-16T13:18:38.788+08:00 DEBUG 24148 --- [    Test worker] org.hibernate.SQL                        : 
    select
        count(*) 
    from
        officers o1_0 
    where
        o1_0.id=?
Hibernate: 
    select
        count(*) 
    from
        officers o1_0 
    where
        o1_0.id=?
2023-04-16T13:18:38.790+08:00 DEBUG 24148 --- [    Test worker] org.hibernate.SQL                        : 
    select
        count(*) 
    from
        officers o1_0 
    where
        o1_0.id=?
Hibernate: 
    select
        count(*) 
    from
        officers o1_0 
    where
        o1_0.id=?
2023-04-16T13:18:38.798+08:00 DEBUG 24148 --- [    Test worker] o.s.jdbc.core.JdbcTemplate               : Executing SQL query [select id from officers]
2023-04-16T13:18:38.800+08:00 DEBUG 24148 --- [    Test worker] org.hibernate.SQL                        : 
    select
        o1_0.id,
        o1_0.first_name,
        o1_0.last_name,
        o1_0.rank 
    from
        officers o1_0 
    where
        o1_0.id=?
Hibernate: 
    select
        o1_0.id,
        o1_0.first_name,
        o1_0.last_name,
        o1_0.rank 
    from
        officers o1_0 
    where
        o1_0.id=?
2023-04-16T13:18:38.809+08:00 DEBUG 24148 --- [    Test worker] org.hibernate.SQL                        : 
    select
        o1_0.id,
        o1_0.first_name,
        o1_0.last_name,
        o1_0.rank 
    from
        officers o1_0 
    where
        o1_0.id=?
Hibernate: 
    select
        o1_0.id,
        o1_0.first_name,
        o1_0.last_name,
        o1_0.rank 
    from
        officers o1_0 
    where
        o1_0.id=?
2023-04-16T13:18:38.811+08:00 DEBUG 24148 --- [    Test worker] org.hibernate.SQL                        : 
    select
        o1_0.id,
        o1_0.first_name,
        o1_0.last_name,
        o1_0.rank 
    from
        officers o1_0 
    where
        o1_0.id=?
Hibernate: 
    select
        o1_0.id,
        o1_0.first_name,
        o1_0.last_name,
        o1_0.rank 
    from
        officers o1_0 
    where
        o1_0.id=?
2023-04-16T13:18:38.813+08:00 DEBUG 24148 --- [    Test worker] org.hibernate.SQL                        : 
    select
        o1_0.id,
        o1_0.first_name,
        o1_0.last_name,
        o1_0.rank 
    from
        officers o1_0 
    where
        o1_0.id=?
Hibernate: 
    select
        o1_0.id,
        o1_0.first_name,
        o1_0.last_name,
        o1_0.rank 
    from
        officers o1_0 
    where
        o1_0.id=?
2023-04-16T13:18:38.814+08:00 DEBUG 24148 --- [    Test worker] org.hibernate.SQL                        : 
    select
        o1_0.id,
        o1_0.first_name,
        o1_0.last_name,
        o1_0.rank 
    from
        officers o1_0 
    where
        o1_0.id=?
Hibernate: 
    select
        o1_0.id,
        o1_0.first_name,
        o1_0.last_name,
        o1_0.rank 
    from
        officers o1_0 
    where
        o1_0.id=?
]]></system-out>
  <system-err><![CDATA[]]></system-err>
</testsuite>
