<?xml version="1.0" encoding="UTF-8"?>
<testsuite name="com.oreilly.restclient.services.GeocoderServiceTest" tests="2" skipped="0" failures="0" errors="0" timestamp="2023-04-14T07:59:39" hostname="Hsiehde-MBP" time="1.52">
  <properties/>
  <testcase name="getLatLngWithoutStreet()" classname="com.oreilly.restclient.services.GeocoderServiceTest" time="1.423"/>
  <testcase name="getLatLngWithStreet()" classname="com.oreilly.restclient.services.GeocoderServiceTest" time="0.095"/>
  <system-out><![CDATA[15:59:37.449 [Test worker] DEBUG org.springframework.boot.test.context.SpringBootTestContextBootstrapper -- Neither @ContextConfiguration nor @ContextHierarchy found for test class [GeocoderServiceTest]: using SpringBootContextLoader
15:59:37.456 [Test worker] DEBUG org.springframework.test.context.support.AbstractContextLoader -- Could not detect default resource locations for test class [com.oreilly.restclient.services.GeocoderServiceTest]: no resource found for suffixes {-context.xml, Context.groovy}.
15:59:37.458 [Test worker] INFO org.springframework.test.context.support.AnnotationConfigContextLoaderUtils -- Could not detect default configuration classes for test class [com.oreilly.restclient.services.GeocoderServiceTest]: GeocoderServiceTest does not declare any static, non-private, non-final, nested classes annotated with @Configuration.
15:59:37.503 [Test worker] DEBUG org.springframework.boot.test.context.SpringBootTestContextBootstrapper -- Using ContextCustomizers for test class [GeocoderServiceTest]: [DisableObservabilityContextCustomizer, PropertyMappingContextCustomizer, Customizer, ExcludeFilterContextCustomizer, DuplicateJsonObjectContextCustomizer, MockitoContextCustomizer, TestRestTemplateContextCustomizer, WebTestClientContextCustomizer]
15:59:37.594 [Test worker] DEBUG org.springframework.context.annotation.ClassPathScanningCandidateComponentProvider -- Identified candidate component class: file [/Users/hsiehtsaihsuan/Desktop/restclient/build/classes/java/main/com/oreilly/restclient/RestclientApplication.class]
15:59:37.596 [Test worker] INFO org.springframework.boot.test.context.SpringBootTestContextBootstrapper -- Found @SpringBootConfiguration com.oreilly.restclient.RestclientApplication for test class com.oreilly.restclient.services.GeocoderServiceTest
15:59:37.700 [Test worker] DEBUG org.springframework.test.context.util.TestContextSpringFactoriesUtils -- Skipping candidate TestExecutionListener [org.springframework.test.context.web.ServletTestExecutionListener] due to a missing dependency. Specify custom TestExecutionListener classes or make the default TestExecutionListener classes and their required dependencies available. Offending class: [jakarta/servlet/ServletContext]
15:59:37.705 [Test worker] DEBUG org.springframework.test.context.util.TestContextSpringFactoriesUtils -- Skipping candidate TestExecutionListener [org.springframework.test.context.transaction.TransactionalTestExecutionListener] due to a missing dependency. Specify custom TestExecutionListener classes or make the default TestExecutionListener classes and their required dependencies available. Offending class: [org/springframework/transaction/interceptor/TransactionAttributeSource]
15:59:37.706 [Test worker] DEBUG org.springframework.test.context.util.TestContextSpringFactoriesUtils -- Skipping candidate TestExecutionListener [org.springframework.test.context.jdbc.SqlScriptsTestExecutionListener] due to a missing dependency. Specify custom TestExecutionListener classes or make the default TestExecutionListener classes and their required dependencies available. Offending class: [org/springframework/transaction/interceptor/TransactionAttribute]
15:59:37.709 [Test worker] DEBUG org.springframework.boot.test.context.SpringBootTestContextBootstrapper -- Using TestExecutionListeners for test class [GeocoderServiceTest]: [DirtiesContextBeforeModesTestExecutionListener, ApplicationEventsTestExecutionListener, MockitoTestExecutionListener, DependencyInjectionTestExecutionListener, DirtiesContextTestExecutionListener, EventPublishingTestExecutionListener, RestDocsTestExecutionListener, MockRestServiceServerResetTestExecutionListener, MockMvcPrintOnlyOnFailureTestExecutionListener, WebDriverTestExecutionListener, MockWebServiceServerTestExecutionListener, ResetMocksTestExecutionListener]
15:59:37.710 [Test worker] DEBUG org.springframework.test.context.support.AbstractDirtiesContextTestExecutionListener -- Before test class: class [GeocoderServiceTest], class annotated with @DirtiesContext [false] with mode [null]
15:59:37.725 [Test worker] DEBUG org.springframework.test.context.support.DependencyInjectionTestExecutionListener -- Performing dependency injection for test class com.oreilly.restclient.services.GeocoderServiceTest

  .   ____          _            __ _ _
 /\\ / ___'_ __ _ _(_)_ __  __ _ \ \ \ \
( ( )\___ | '_ | '_| | '_ \/ _` | \ \ \ \
 \\/  ___)| |_)| | | | | || (_| |  ) ) ) )
  '  |____| .__|_| |_|_| |_\__, | / / / /
 =========|_|==============|___/=/_/_/_/
 :: Spring Boot ::                (v3.0.5)

2023-04-14T15:59:38.044+08:00  INFO 31097 --- [    Test worker] c.o.r.services.GeocoderServiceTest       : Starting GeocoderServiceTest using Java 17.0.6 with PID 31097 (started by hsiehtsaihsuan in /Users/hsiehtsaihsuan/Desktop/restclient)
2023-04-14T15:59:38.046+08:00  INFO 31097 --- [    Test worker] c.o.r.services.GeocoderServiceTest       : No active profile set, falling back to 1 default profile: "default"
2023-04-14T15:59:39.823+08:00  INFO 31097 --- [    Test worker] c.o.r.services.GeocoderServiceTest       : Started GeocoderServiceTest in 2.062 seconds (process running for 3.51)
Hey I am starting here!
2023-04-14T15:59:41.242+08:00  INFO 31097 --- [    Test worker] c.o.r.services.GeocoderServiceTest       : Site{address='Boston, MA, USA', latitude=42.3600825, longitude=-71.0588801}
Hey I am ending here!
]]></system-out>
  <system-err><![CDATA[]]></system-err>
</testsuite>
